<?xml version="1.0" encoding="UTF-8"?>
<!-- Generated by org.testng.reporters.JUnitXMLReporter -->
<testsuite ignored="0" hostname="NOI-PG037B2M" failures="0" tests="1" name="TestonProduction" time="0.007" errors="0" timestamp="2025-02-10T12:09:12 IST">
  <testcase classname="LsbfsgOnlinePaymentPortal.LsbfPortal.LaunchLsbfsg" name="@BeforeMethod LaunchLsbfSg" time="-1.739169552469E9">
    <failure type="org.testng.TestNGException" message="
Can inject only one of &amp;lt;ITestContext, XmlTest, Method, Object[], ITestResult&amp;gt; into a @BeforeMethod annotated LaunchLsbfSg.
For more information on native dependency injection please refer to https://testng.org/doc/documentation-main.html#native-dependency-injection">
      <![CDATA[org.testng.TestNGException: 
Can inject only one of <ITestContext, XmlTest, Method, Object[], ITestResult> into a @BeforeMethod annotated LaunchLsbfSg.
For more information on native dependency injection please refer to https://testng.org/doc/documentation-main.html#native-dependency-injection
at java.base/java.util.ArrayList.forEach(ArrayList.java:1597)
... Removed 28 stack frames]]>
    </failure>
  </testcase> <!-- @BeforeMethod LaunchLsbfSg -->
  <testcase classname="LsbfsgOnlinePaymentPortal.LsbfPortal.LaunchLsbfsg" name="@AfterMethod quitLsbfSg" time="-1.739169552474E9">
    <skipped/>
  </testcase> <!-- @AfterMethod quitLsbfSg -->
  <testcase classname="LsbfsgOnlinePaymentPortal.LsbfPortal.NavigateFeePaymentTest" name="NavigateFeePayment" time="0.0">
    <skipped/>
  </testcase> <!-- NavigateFeePayment -->
</testsuite> <!-- TestonProduction -->
