<?xml version="1.0" encoding="UTF-8"?>
<testng-results ignored="0" total="1" passed="1" failed="0" skipped="0">
  <reporter-output>
    <line>
      <![CDATA[Test Case is Passed]]>
    </line>
  </reporter-output>
  <suite started-at="2025-02-10T15:45:07 IST" name="Suite" finished-at="2025-02-10T15:45:26 IST" duration-ms="18360">
    <groups>
    </groups>
    <test started-at="2025-02-10T15:45:07 IST" name="DevelopTest" finished-at="2025-02-10T15:45:26 IST" duration-ms="18360">
      <class name="LsbfsgOnlinePaymentPortal.LsbfPortal.NavigateFeePaymentTest">
        <test-method is-config="true" signature="LaunchLsbfSg()[pri:0, instance:LsbfsgOnlinePaymentPortal.LsbfPortal.NavigateFeePaymentTest@65c7a252]" started-at="2025-02-10T15:45:07 IST" name="LaunchLsbfSg" finished-at="2025-02-10T15:45:23 IST" duration-ms="15728" status="PASS">
          <reporter-output>
          </reporter-output>
        </test-method> <!-- LaunchLsbfSg -->
        <test-method signature="NavigateFeePayment()[pri:0, instance:LsbfsgOnlinePaymentPortal.LsbfPortal.NavigateFeePaymentTest@65c7a252]" started-at="2025-02-10T15:45:23 IST" name="NavigateFeePayment" finished-at="2025-02-10T15:45:25 IST" duration-ms="2045" status="PASS">
          <reporter-output>
            <line>
              <![CDATA[Test Case is Passed]]>
            </line>
          </reporter-output>
        </test-method> <!-- NavigateFeePayment -->
        <test-method is-config="true" signature="quitLsbfSg()[pri:0, instance:LsbfsgOnlinePaymentPortal.LsbfPortal.NavigateFeePaymentTest@65c7a252]" started-at="2025-02-10T15:45:25 IST" name="quitLsbfSg" finished-at="2025-02-10T15:45:26 IST" duration-ms="336" status="PASS">
          <reporter-output>
          </reporter-output>
        </test-method> <!-- quitLsbfSg -->
      </class> <!-- LsbfsgOnlinePaymentPortal.LsbfPortal.NavigateFeePaymentTest -->
    </test> <!-- DevelopTest -->
  </suite> <!-- Suite -->
</testng-results>
