<?xml version="1.0" encoding="UTF-8"?>
<testng-results ignored="0" total="1" passed="1" failed="0" skipped="0">
  <reporter-output>
    <line>
      <![CDATA[Test Case is Passed]]>
    </line>
  </reporter-output>
  <suite started-at="2025-02-10T15:44:26 IST" name="Suite" finished-at="2025-02-10T15:44:45 IST" duration-ms="19020">
    <groups>
    </groups>
    <test started-at="2025-02-10T15:44:26 IST" name="DevelopTest" finished-at="2025-02-10T15:44:45 IST" duration-ms="19020">
      <class name="LsbfsgOnlinePaymentPortal.LsbfPortal.NavigateFeePaymentTest">
        <test-method is-config="true" signature="LaunchLsbfSg()[pri:0, instance:LsbfsgOnlinePaymentPortal.LsbfPortal.NavigateFeePaymentTest@4b0d79fc]" started-at="2025-02-10T15:44:26 IST" name="LaunchLsbfSg" finished-at="2025-02-10T15:44:34 IST" duration-ms="8314" status="PASS">
          <reporter-output>
          </reporter-output>
        </test-method> <!-- LaunchLsbfSg -->
        <test-method signature="NavigateFeePayment()[pri:0, instance:LsbfsgOnlinePaymentPortal.LsbfPortal.NavigateFeePaymentTest@4b0d79fc]" started-at="2025-02-10T15:44:34 IST" name="NavigateFeePayment" finished-at="2025-02-10T15:44:44 IST" duration-ms="10207" status="PASS">
          <reporter-output>
            <line>
              <![CDATA[Test Case is Passed]]>
            </line>
          </reporter-output>
        </test-method> <!-- NavigateFeePayment -->
        <test-method is-config="true" signature="quitLsbfSg()[pri:0, instance:LsbfsgOnlinePaymentPortal.LsbfPortal.NavigateFeePaymentTest@4b0d79fc]" started-at="2025-02-10T15:44:44 IST" name="quitLsbfSg" finished-at="2025-02-10T15:44:45 IST" duration-ms="284" status="PASS">
          <reporter-output>
          </reporter-output>
        </test-method> <!-- quitLsbfSg -->
      </class> <!-- LsbfsgOnlinePaymentPortal.LsbfPortal.NavigateFeePaymentTest -->
    </test> <!-- DevelopTest -->
  </suite> <!-- Suite -->
</testng-results>
